# JRE version: OpenJDK Runtime Environment (8.0_242-b01) (build 1.8.0_242-release-1644-b01)
# Java VM: OpenJDK 64-Bit Server VM (25.242-b01 mixed mode windows-amd64 compressed oops)
Heap:
 PSYoungGen      total 467968K, used 202450K [0x00000000d5580000, 0x00000000fa980000, 0x0000000100000000)
  eden space 403456K, 50% used [0x00000000d5580000,0x00000000e1b34bd8,0x00000000edf80000)
  from space 64512K, 0% used [0x00000000eec80000,0x00000000eec80000,0x00000000f2b80000)
  to   space 103424K, 0% used [0x00000000f4480000,0x00000000f4480000,0x00000000fa980000)
 ParOldGen       total 428544K, used 120352K [0x0000000080000000, 0x000000009a280000, 0x00000000d5580000)
  object space 428544K, 28% used [0x0000000080000000,0x0000000087588000,0x000000009a280000)
 Metaspace       used 163233K, capacity 170218K, committed 171596K, reserved 1198080K
  class space    used 21298K, capacity 22682K, committed 22912K, reserved 1048576K
GC Heap History (10 events):
Event: 729.700 GC heap before
{Heap before GC invocations=28 (full 4):
 PSYoungGen      total 509440K, used 509041K [0x00000000d5580000, 0x00000000f8b80000, 0x0000000100000000)
  eden space 459776K, 100% used [0x00000000d5580000,0x00000000f1680000,0x00000000f1680000)
  from space 49664K, 99% used [0x00000000f2600000,0x00000000f561c718,0x00000000f5680000)
  to   space 54272K, 0% used [0x00000000f5680000,0x00000000f5680000,0x00000000f8b80000)
 ParOldGen       total 339456K, used 95589K [0x0000000080000000, 0x0000000094b80000, 0x00000000d5580000)
  object space 339456K, 28% used [0x0000000080000000,0x0000000085d59518,0x0000000094b80000)
 Metaspace       used 120594K, capacity 126322K, committed 126668K, reserved 1159168K
  class space    used 15842K, capacity 17050K, committed 17152K, reserved 1048576K
Event: 729.743 GC heap after
Heap after GC invocations=28 (full 4):
 PSYoungGen      total 499200K, used 54267K [0x00000000d5580000, 0x00000000f9000000, 0x0000000100000000)
  eden space 444928K, 0% used [0x00000000d5580000,0x00000000d5580000,0x00000000f0800000)
  from space 54272K, 99% used [0x00000000f5680000,0x00000000f8b7eed0,0x00000000f8b80000)
  to   space 69632K, 0% used [0x00000000f0800000,0x00000000f0800000,0x00000000f4c00000)
 ParOldGen       total 339456K, used 104893K [0x0000000080000000, 0x0000000094b80000, 0x00000000d5580000)
  object space 339456K, 30% used [0x0000000080000000,0x000000008666f5f0,0x0000000094b80000)
 Metaspace       used 120594K, capacity 126322K, committed 126668K, reserved 1159168K
  class space    used 15842K, capacity 17050K, committed 17152K, reserved 1048576K
}
Event: 4371.643 GC heap before
{Heap before GC invocations=29 (full 4):
 PSYoungGen      total 499200K, used 499195K [0x00000000d5580000, 0x00000000f9000000, 0x0000000100000000)
  eden space 444928K, 100% used [0x00000000d5580000,0x00000000f0800000,0x00000000f0800000)
  from space 54272K, 99% used [0x00000000f5680000,0x00000000f8b7eed0,0x00000000f8b80000)
  to   space 69632K, 0% used [0x00000000f0800000,0x00000000f0800000,0x00000000f4c00000)
 ParOldGen       total 339456K, used 104893K [0x0000000080000000, 0x0000000094b80000, 0x00000000d5580000)
  object space 339456K, 30% used [0x0000000080000000,0x000000008666f5f0,0x0000000094b80000)
 Metaspace       used 142514K, capacity 149218K, committed 149452K, reserved 1179648K
  class space    used 18735K, capacity 20122K, committed 20224K, reserved 1048576K
Event: 4371.692 GC heap after
Heap after GC invocations=29 (full 4):
 PSYoungGen      total 500224K, used 69624K [0x00000000d5580000, 0x00000000fab00000, 0x0000000100000000)
  eden space 430592K, 0% used [0x00000000d5580000,0x00000000d5580000,0x00000000efa00000)
  from space 69632K, 99% used [0x00000000f0800000,0x00000000f4bfe0e8,0x00000000f4c00000)
  to   space 90624K, 0% used [0x00000000f5280000,0x00000000f5280000,0x00000000fab00000)
 ParOldGen       total 339456K, used 133279K [0x0000000080000000, 0x0000000094b80000, 0x00000000d5580000)
  object space 339456K, 39% used [0x0000000080000000,0x0000000088227ce0,0x0000000094b80000)
 Metaspace       used 142514K, capacity 149218K, committed 149452K, reserved 1179648K
  class space    used 18735K, capacity 20122K, committed 20224K, reserved 1048576K
}
Event: 4377.500 GC heap before
{Heap before GC invocations=30 (full 4):
 PSYoungGen      total 500224K, used 500216K [0x00000000d5580000, 0x00000000fab00000, 0x0000000100000000)
  eden space 430592K, 100% used [0x00000000d5580000,0x00000000efa00000,0x00000000efa00000)
  from space 69632K, 99% used [0x00000000f0800000,0x00000000f4bfe0e8,0x00000000f4c00000)
  to   space 90624K, 0% used [0x00000000f5280000,0x00000000f5280000,0x00000000fab00000)
 ParOldGen       total 339456K, used 133279K [0x0000000080000000, 0x0000000094b80000, 0x00000000d5580000)
  object space 339456K, 39% used [0x0000000080000000,0x0000000088227ce0,0x0000000094b80000)
 Metaspace       used 151659K, capacity 158606K, committed 158924K, reserved 1187840K
  class space    used 19749K, capacity 21154K, committed 21248K, reserved 1048576K
Event: 4377.562 GC heap after
Heap after GC invocations=30 (full 4):
 PSYoungGen      total 507392K, used 81972K [0x00000000d5580000, 0x00000000fb280000, 0x0000000100000000)
  eden space 416768K, 0% used [0x00000000d5580000,0x00000000d5580000,0x00000000eec80000)
  from space 90624K, 90% used [0x00000000f5280000,0x00000000fa28d280,0x00000000fab00000)
  to   space 101376K, 0% used [0x00000000eec80000,0x00000000eec80000,0x00000000f4f80000)
 ParOldGen       total 339456K, used 151658K [0x0000000080000000, 0x0000000094b80000, 0x00000000d5580000)
  object space 339456K, 44% used [0x0000000080000000,0x000000008941a8f8,0x0000000094b80000)
 Metaspace       used 151659K, capacity 158606K, committed 158924K, reserved 1187840K
  class space    used 19749K, capacity 21154K, committed 21248K, reserved 1048576K
}
Event: 4387.203 GC heap before
{Heap before GC invocations=31 (full 4):
 PSYoungGen      total 507392K, used 367332K [0x00000000d5580000, 0x00000000fb280000, 0x0000000100000000)
  eden space 416768K, 68% used [0x00000000d5580000,0x00000000e6c2c088,0x00000000eec80000)
  from space 90624K, 90% used [0x00000000f5280000,0x00000000fa28d280,0x00000000fab00000)
  to   space 101376K, 0% used [0x00000000eec80000,0x00000000eec80000,0x00000000f4f80000)
 ParOldGen       total 339456K, used 151658K [0x0000000080000000, 0x0000000094b80000, 0x00000000d5580000)
  object space 339456K, 44% used [0x0000000080000000,0x000000008941a8f8,0x0000000094b80000)
 Metaspace       used 156536K, capacity 163878K, committed 163916K, reserved 1191936K
  class space    used 20393K, capacity 21864K, committed 21888K, reserved 1048576K
Event: 4387.236 GC heap after
Heap after GC invocations=31 (full 4):
 PSYoungGen      total 467968K, used 64455K [0x00000000d5580000, 0x00000000fa980000, 0x0000000100000000)
  eden space 403456K, 0% used [0x00000000d5580000,0x00000000d5580000,0x00000000edf80000)
  from space 64512K, 99% used [0x00000000eec80000,0x00000000f2b71e90,0x00000000f2b80000)
  to   space 103424K, 0% used [0x00000000f4480000,0x00000000f4480000,0x00000000fa980000)
 ParOldGen       total 339456K, used 151666K [0x0000000080000000, 0x0000000094b80000, 0x00000000d5580000)
  object space 339456K, 44% used [0x0000000080000000,0x000000008941c8f8,0x0000000094b80000)
 Metaspace       used 156536K, capacity 163878K, committed 163916K, reserved 1191936K
  class space    used 20393K, capacity 21864K, committed 21888K, reserved 1048576K
}
Event: 4387.236 GC heap before
{Heap before GC invocations=32 (full 5):
 PSYoungGen      total 467968K, used 64455K [0x00000000d5580000, 0x00000000fa980000, 0x0000000100000000)
  eden space 403456K, 0% used [0x00000000d5580000,0x00000000d5580000,0x00000000edf80000)
  from space 64512K, 99% used [0x00000000eec80000,0x00000000f2b71e90,0x00000000f2b80000)
  to   space 103424K, 0% used [0x00000000f4480000,0x00000000f4480000,0x00000000fa980000)
 ParOldGen       total 339456K, used 151666K [0x0000000080000000, 0x0000000094b80000, 0x00000000d5580000)
  object space 339456K, 44% used [0x0000000080000000,0x000000008941c8f8,0x0000000094b80000)
 Metaspace       used 156536K, capacity 163878K, committed 163916K, reserved 1191936K
  class space    used 20393K, capacity 21864K, committed 21888K, reserved 1048576K
Event: 4387.534 GC heap after
Heap after GC invocations=32 (full 5):
 PSYoungGen      total 467968K, used 0K [0x00000000d5580000, 0x00000000fa980000, 0x0000000100000000)
  eden space 403456K, 0% used [0x00000000d5580000,0x00000000d5580000,0x00000000edf80000)
  from space 64512K, 0% used [0x00000000eec80000,0x00000000eec80000,0x00000000f2b80000)
  to   space 103424K, 0% used [0x00000000f4480000,0x00000000f4480000,0x00000000fa980000)
 ParOldGen       total 428544K, used 120352K [0x0000000080000000, 0x000000009a280000, 0x00000000d5580000)
  object space 428544K, 28% used [0x0000000080000000,0x0000000087588000,0x000000009a280000)
 Metaspace       used 154508K, capacity 160046K, committed 163916K, reserved 1191936K
  class space    used 19989K, capacity 21132K, committed 21888K, reserved 1048576K
}

